This is pdfTeX, Version 3.14159265-2.6-1.40.21 (TeX Live 2020/W32TeX) (preloaded format=pdflatex 2020.12.27)  26 JAN 2021 21:25
entering extended mode
 restricted \write18 enabled.
 %&-line parsing enabled.
**projekt_raport.tex
(./projekt_raport.tex
LaTeX2e <2020-10-01> patch level 2
L3 programming layer <2020-12-07> xparse <2020-03-03>
(c:/texlive/2020/texmf-dist/tex/latex/base/report.cls
Document Class: report 2020/04/10 v1.4m Standard LaTeX document class
(c:/texlive/2020/texmf-dist/tex/latex/base/size11.clo
File: size11.clo 2020/04/10 v1.4m Standard LaTeX file (size option)
)
\c@part=\count177
\c@chapter=\count178
\c@section=\count179
\c@subsection=\count180
\c@subsubsection=\count181
\c@paragraph=\count182
\c@subparagraph=\count183
\c@figure=\count184
\c@table=\count185
\abovecaptionskip=\skip47
\belowcaptionskip=\skip48
\bibindent=\dimen138
)
(c:/texlive/2020/texmf-dist/tex/latex/graphics/graphicx.sty
Package: graphicx 2020/09/09 v1.2b Enhanced LaTeX Graphics (DPC,SPQR)

(c:/texlive/2020/texmf-dist/tex/latex/graphics/keyval.sty
Package: keyval 2014/10/28 v1.15 key=value parser (DPC)
\KV@toks@=\toks15
)
(c:/texlive/2020/texmf-dist/tex/latex/graphics/graphics.sty
Package: graphics 2020/08/30 v1.4c Standard LaTeX Graphics (DPC,SPQR)

(c:/texlive/2020/texmf-dist/tex/latex/graphics/trig.sty
Package: trig 2016/01/03 v1.10 sin cos tan (DPC)
)
(c:/texlive/2020/texmf-dist/tex/latex/graphics-cfg/graphics.cfg
File: graphics.cfg 2016/06/04 v1.11 sample graphics configuration
)
Package graphics Info: Driver file: dvips.def on input line 105.

(c:/texlive/2020/texmf-dist/tex/latex/graphics-def/dvips.def
File: dvips.def 2017/06/20 v3.1d Graphics/color driver for dvips
))
\Gin@req@height=\dimen139
\Gin@req@width=\dimen140
)
(c:/texlive/2020/texmf-dist/tex/latex/graphics/color.sty
Package: color 2020/02/24 v1.2b Standard LaTeX Color (DPC)

(c:/texlive/2020/texmf-dist/tex/latex/graphics-cfg/color.cfg
File: color.cfg 2016/01/02 v1.6 sample color configuration
)
Package color Info: Driver file: dvips.def on input line 147.

(c:/texlive/2020/texmf-dist/tex/latex/graphics/dvipsnam.def
File: dvipsnam.def 2016/06/17 v3.0m Driver-dependent file (DPC,SPQR)
))
(c:/texlive/2020/texmf-dist/tex/latex/graphics/rotating.sty
Package: rotating 2016/08/11 v2.16d rotated objects in LaTeX

(c:/texlive/2020/texmf-dist/tex/latex/base/ifthen.sty
Package: ifthen 2014/09/29 v1.1c Standard LaTeX ifthen package (DPC)
)
\c@r@tfl@t=\count186
\rotFPtop=\skip49
\rotFPbot=\skip50
\rot@float@box=\box47
\rot@mess@toks=\toks16
)
(c:/texlive/2020/texmf-dist/tex/latex/polski/polski.sty
Package: polski 2017/05/04 v1.3.4 Polish language package

   Switching to Polish text encoding and Polish maths fonts.
(c:/texlive/2020/texmf-dist/tex/latex/base/ot4enc.def
File: ot4enc.def 2020/08/10 v2.0s Standard LaTeX file
Now handling font encoding OT4 ...
... no UTF-8 mapping file for font encoding OT4
)
LaTeX Font Info:    Trying to load font information for OT4+cmr on input line 3
60.

(c:/texlive/2020/texmf-dist/tex/latex/polski/ot4cmr.fd
File: ot4cmr.fd 2008/02/24 v1.2.1 Font defs for fonts PL (MW)
)
LaTeX Font Info:    Overwriting math alphabet `\mathbf' in version `normal'
(Font)                  OT1/cmr/bx/n --> OT4/cmr/bx/n on input line 360.
LaTeX Font Info:    Overwriting math alphabet `\mathsf' in version `normal'
(Font)                  OT1/cmss/m/n --> OT4/cmss/m/n on input line 360.
LaTeX Font Info:    Overwriting math alphabet `\mathit' in version `normal'
(Font)                  OT1/cmr/m/it --> OT4/cmr/m/it on input line 360.
LaTeX Font Info:    Overwriting math alphabet `\mathtt' in version `normal'
(Font)                  OT1/cmtt/m/n --> OT4/cmtt/m/n on input line 360.
LaTeX Font Info:    Overwriting math alphabet `\mathsf' in version `bold'
(Font)                  OT1/cmss/bx/n --> OT4/cmss/bx/n on input line 360.
LaTeX Font Info:    Overwriting math alphabet `\mathit' in version `bold'
(Font)                  OT1/cmr/bx/it --> OT4/cmr/bx/it on input line 360.
LaTeX Font Info:    Encoding `OT1' has changed to `OT4' for symbol font
(Font)              `operators' in the math version `normal' on input line 360.

LaTeX Font Info:    Overwriting symbol font `operators' in version `normal'
(Font)                  OT1/cmr/m/n --> OT4/cmr/m/n on input line 360.
LaTeX Font Info:    Overwriting symbol font `letters' in version `normal'
(Font)                  OML/cmm/m/it --> OML/plm/m/it on input line 360.
LaTeX Font Info:    Overwriting symbol font `symbols' in version `normal'
(Font)                  OMS/cmsy/m/n --> OMS/plsy/m/n on input line 360.
LaTeX Font Info:    Overwriting symbol font `largesymbols' in version `normal'
(Font)                  OMX/cmex/m/n --> OMX/plex/m/n on input line 360.
LaTeX Font Info:    Encoding `OT1' has changed to `OT4' for symbol font
(Font)              `operators' in the math version `bold' on input line 360.
LaTeX Font Info:    Overwriting symbol font `operators' in version `bold'
(Font)                  OT1/cmr/bx/n --> OT4/cmr/bx/n on input line 360.
LaTeX Font Info:    Overwriting symbol font `letters' in version `bold'
(Font)                  OML/cmm/b/it --> OML/plm/b/it on input line 360.
LaTeX Font Info:    Overwriting symbol font `symbols' in version `bold'
(Font)                  OMS/cmsy/b/n --> OMS/plsy/b/n on input line 360.
)
(c:/texlive/2020/texmf-dist/tex/latex/base/inputenc.sty
Package: inputenc 2020/08/01 v1.3d Input encoding file
\inpenc@prehook=\toks17
\inpenc@posthook=\toks18
)
(c:/texlive/2020/texmf-dist/tex/latex/pstricks/pstricks.sty
Package: pstricks 2020/06/11 v0.70 LaTeX wrapper for `PSTricks' (RN,HV)

(c:/texlive/2020/texmf-dist/tex/generic/iftex/iftex.sty
Package: iftex 2020/03/06 v1.0d TeX engine tests
)
(c:/texlive/2020/texmf-dist/tex/latex/xcolor/xcolor.sty
Package: xcolor 2016/05/11 v2.12 LaTeX color extensions (UK)

(c:/texlive/2020/texmf-dist/tex/latex/graphics-cfg/color.cfg
File: color.cfg 2016/01/02 v1.6 sample color configuration
)
Package xcolor Info: Driver file: pdftex.def on input line 225.

(c:/texlive/2020/texmf-dist/tex/latex/graphics-def/pdftex.def
File: pdftex.def 2020/10/05 v1.2a Graphics/color driver for pdftex
)
LaTeX Info: Redefining \color on input line 709.
Package xcolor Info: Model `cmy' substituted by `cmy0' on input line 1348.
Package xcolor Info: Model `RGB' extended on input line 1364.
Package xcolor Info: Model `HTML' substituted by `rgb' on input line 1366.
Package xcolor Info: Model `Hsb' substituted by `hsb' on input line 1367.
Package xcolor Info: Model `tHsb' substituted by `hsb' on input line 1368.
Package xcolor Info: Model `HSB' substituted by `hsb' on input line 1369.
Package xcolor Info: Model `Gray' substituted by `gray' on input line 1370.
Package xcolor Info: Model `wave' substituted by `hsb' on input line 1371.
)
(c:/texlive/2020/texmf-dist/tex/generic/xkeyval/pst-xkey.tex
File: pst-xkey.tex 2005/11/25 v1.6 PSTricks specialization of xkeyval (HA)

(c:/texlive/2020/texmf-dist/tex/latex/xkeyval/xkeyval.sty
Package: xkeyval 2020/11/20 v2.8 package option processing (HA)

(c:/texlive/2020/texmf-dist/tex/generic/xkeyval/xkeyval.tex
(c:/texlive/2020/texmf-dist/tex/generic/xkeyval/xkvutils.tex
\XKV@toks=\toks19
\XKV@tempa@toks=\toks20
)
\XKV@depth=\count187
File: xkeyval.tex 2014/12/03 v2.7a key=value parser (HA)
)))
(c:/texlive/2020/texmf-dist/tex/generic/pstricks/pstricks.tex
(c:/texlive/2020/texmf-dist/tex/generic/pstricks/pst-fp.tex
`pst-fp' v0.05, 2010/01/17 (hv)
\pstFP@xs=\count188
\pstFP@xia=\count189
\pstFP@xib=\count190
\pstFP@xfa=\count191
\pstFP@xfb=\count192
\pstFP@rega=\count193
\pstFP@regb=\count194
\pstFP@regs=\count195
\pstFP@times=\count196
)
(c:/texlive/2020/texmf-dist/tex/generic/pgf/utilities/pgfutil-common.tex
\pgfutil@everybye=\toks21
\pgfutil@tempdima=\dimen141
\pgfutil@tempdimb=\dimen142

(c:/texlive/2020/texmf-dist/tex/generic/pgf/utilities/pgfutil-common-lists.tex)
) (c:/texlive/2020/texmf-dist/tex/generic/pgf/utilities/pgfkeys.code.tex
\pgfkeys@pathtoks=\toks22
\pgfkeys@temptoks=\toks23

(c:/texlive/2020/texmf-dist/tex/generic/pgf/utilities/pgfkeysfiltered.code.tex
\pgfkeys@tmptoks=\toks24
)) (c:/texlive/2020/texmf-dist/tex/generic/pgf/utilities/pgffor.code.tex
Loading pgffor.code.tex
(c:/texlive/2020/texmf-dist/tex/generic/pgf/math/pgfmath.code.tex
(c:/texlive/2020/texmf-dist/tex/generic/pgf/math/pgfmathcalc.code.tex
(c:/texlive/2020/texmf-dist/tex/generic/pgf/math/pgfmathutil.code.tex
\pgf@x=\dimen143
\pgf@xa=\dimen144
\pgf@xb=\dimen145
\pgf@xc=\dimen146
\pgf@y=\dimen147
\pgf@ya=\dimen148
\pgf@yb=\dimen149
\pgf@yc=\dimen150
\c@pgf@counta=\count197
\c@pgf@countb=\count198
\c@pgf@countc=\count199
\c@pgf@countd=\count266
\pgfutil@tempcnta=\count267
\pgfutil@tempcntb=\count268
)
(c:/texlive/2020/texmf-dist/tex/generic/pgf/math/pgfmathparser.code.tex
\pgfmath@dimen=\dimen151
\pgfmath@count=\count269
\pgfmath@box=\box48
\pgfmath@toks=\toks25
\pgfmath@stack@operand=\toks26
\pgfmath@stack@operation=\toks27
)
(c:/texlive/2020/texmf-dist/tex/generic/pgf/math/pgfmathfunctions.code.tex
(c:/texlive/2020/texmf-dist/tex/generic/pgf/math/pgfmathfunctions.basic.code.te
x)
(c:/texlive/2020/texmf-dist/tex/generic/pgf/math/pgfmathfunctions.trigonometric
.code.tex)
(c:/texlive/2020/texmf-dist/tex/generic/pgf/math/pgfmathfunctions.random.code.t
ex)
(c:/texlive/2020/texmf-dist/tex/generic/pgf/math/pgfmathfunctions.comparison.co
de.tex)
(c:/texlive/2020/texmf-dist/tex/generic/pgf/math/pgfmathfunctions.base.code.tex
)
(c:/texlive/2020/texmf-dist/tex/generic/pgf/math/pgfmathfunctions.round.code.te
x)
(c:/texlive/2020/texmf-dist/tex/generic/pgf/math/pgfmathfunctions.misc.code.tex
)
(c:/texlive/2020/texmf-dist/tex/generic/pgf/math/pgfmathfunctions.integerarithm
etics.code.tex)))
(c:/texlive/2020/texmf-dist/tex/generic/pgf/math/pgfmathfloat.code.tex
\c@pgfmathroundto@lastzeros=\count270
))
\pgffor@iter=\dimen152
\pgffor@skip=\dimen153
\pgffor@stack=\toks28
\pgffor@toks=\toks29
)
\psLoopIndex=\count271

`PSTricks' v3.01  <2020/09/18> (tvz,hv)
\pst@dima=\dimen154
\pst@dimb=\dimen155
\pst@dimc=\dimen156
\pst@dimd=\dimen157
\pst@dimg=\dimen158
\pst@dimh=\dimen159
\pst@dimm=\dimen160
\pst@dimn=\dimen161
\pst@dimo=\dimen162
\pst@dimp=\dimen163
\pst@hbox=\box49
\pst@ibox=\box50
\pst@boxg=\box51
\pst@cnta=\count272
\pst@cntb=\count273
\pst@cntc=\count274
\pst@cntd=\count275
\pst@cntg=\count276
\pst@cnth=\count277
\pst@cntm=\count278
\pst@cntn=\count279
\pst@cnto=\count280
\pst@cntp=\count281
\@zero=\count282
\pst@toks=\toks30
(c:/texlive/2020/texmf-dist/tex/generic/pstricks/pstricks.con)
\psunit=\dimen164
\psxunit=\dimen165
\psyunit=\dimen166
\pst@C@@rType=\count283
\pslinewidth=\dimen167
\psk@startLW=\dimen168
\psk@endLW=\dimen169
\pst@customdefs=\toks31
\pslinearc=\dimen170
\pst@symbolStep=\dimen171
\pst@symbolWidth=\dimen172
\pst@symbolLinewidth=\dimen173
\everypsbox=\toks32
\psframesep=\dimen174
\pslabelsep=\dimen175
\sh@wgridXunit=\dimen176
\sh@wgridYunit=\dimen177
\pst@shift=\dimen178
)
File: pstricks.tex 2020/09/18 v3.01 `PSTricks' (tvz,hv)

(c:/texlive/2020/texmf-dist/tex/generic/pstricks/pst-fp.tex)
File: pst-fp.tex 2020/09/18 v3.01 `PST-fp' (hv)
)
(c:/texlive/2020/texmf-dist/tex/latex/lipsum/lipsum.sty
(c:/texlive/2020/texmf-dist/tex/latex/l3kernel/expl3.sty
Package: expl3 2020-12-07 L3 programming layer (loader) 

(c:/texlive/2020/texmf-dist/tex/latex/l3backend/l3backend-pdftex.def
File: l3backend-pdftex.def 2020-09-24 L3 backend support: PDF output (pdfTeX)
\l__kernel_color_stack_int=\count284
\l__pdf_internal_box=\box52
))
(c:/texlive/2020/texmf-dist/tex/latex/l3packages/xparse/xparse.sty
Package: xparse 2020-10-27 L3 Experimental document command parser

(c:/texlive/2020/texmf-dist/tex/latex/l3packages/xparse/xparse-generic.tex))
Package: lipsum 2019/01/02 v2.2 150 paragraphs of Lorem Ipsum dummy text

(c:/texlive/2020/texmf-dist/tex/latex/lipsum/lipsum.ltd.tex
File: lipsum.ltd.tex 2019/01/02 v2.2 The Lorem ipsum dummy text
))
(c:/texlive/2020/texmf-dist/tex/latex/titling/titling.sty
Package: titling 2009/09/04 v2.1d maketitle typesetting
\thanksmarkwidth=\skip51
\thanksmargin=\skip52
\droptitle=\skip53
)
(c:/texlive/2020/texmf-dist/tex/latex/appendix/appendix.sty
Package: appendix 2020/02/08 v1.2c extra appendix facilities
\c@@pps=\count285
\c@@ppsavesec=\count286
\c@@ppsaveapp=\count287
)
(c:/texlive/2020/texmf-dist/tex/latex/hyperref/hyperref.sty
Package: hyperref 2020-05-15 v7.00e Hypertext links for LaTeX

(c:/texlive/2020/texmf-dist/tex/generic/ltxcmds/ltxcmds.sty
Package: ltxcmds 2020-05-10 v1.25 LaTeX kernel commands for general use (HO)
)
(c:/texlive/2020/texmf-dist/tex/generic/pdftexcmds/pdftexcmds.sty
Package: pdftexcmds 2020-06-27 v0.33 Utility functions of pdfTeX for LuaTeX (HO
)

(c:/texlive/2020/texmf-dist/tex/generic/infwarerr/infwarerr.sty
Package: infwarerr 2019/12/03 v1.5 Providing info/warning/error messages (HO)
)
Package pdftexcmds Info: \pdf@primitive is available.
Package pdftexcmds Info: \pdf@ifprimitive is available.
Package pdftexcmds Info: \pdfdraftmode found.
)
(c:/texlive/2020/texmf-dist/tex/generic/kvsetkeys/kvsetkeys.sty
Package: kvsetkeys 2019/12/15 v1.18 Key value parser (HO)
)
(c:/texlive/2020/texmf-dist/tex/generic/kvdefinekeys/kvdefinekeys.sty
Package: kvdefinekeys 2019-12-19 v1.6 Define keys (HO)
)
(c:/texlive/2020/texmf-dist/tex/generic/pdfescape/pdfescape.sty
Package: pdfescape 2019/12/09 v1.15 Implements pdfTeX's escape features (HO)
)
(c:/texlive/2020/texmf-dist/tex/latex/hycolor/hycolor.sty
Package: hycolor 2020-01-27 v1.10 Color options for hyperref/bookmark (HO)
)
(c:/texlive/2020/texmf-dist/tex/latex/letltxmacro/letltxmacro.sty
Package: letltxmacro 2019/12/03 v1.6 Let assignment for LaTeX macros (HO)
)
(c:/texlive/2020/texmf-dist/tex/latex/auxhook/auxhook.sty
Package: auxhook 2019-12-17 v1.6 Hooks for auxiliary files (HO)
)
(c:/texlive/2020/texmf-dist/tex/latex/kvoptions/kvoptions.sty
Package: kvoptions 2020-10-07 v3.14 Key value format for package options (HO)
)
\@linkdim=\dimen179
\Hy@linkcounter=\count288
\Hy@pagecounter=\count289

(c:/texlive/2020/texmf-dist/tex/latex/hyperref/pd1enc.def
File: pd1enc.def 2020-05-15 v7.00e Hyperref: PDFDocEncoding definition (HO)
Now handling font encoding PD1 ...
... no UTF-8 mapping file for font encoding PD1
)
(c:/texlive/2020/texmf-dist/tex/generic/intcalc/intcalc.sty
Package: intcalc 2019/12/15 v1.3 Expandable calculations with integers (HO)
)
(c:/texlive/2020/texmf-dist/tex/generic/etexcmds/etexcmds.sty
Package: etexcmds 2019/12/15 v1.7 Avoid name clashes with e-TeX commands (HO)
)
\Hy@SavedSpaceFactor=\count290
Package hyperref Info: Hyper figures OFF on input line 4464.
Package hyperref Info: Link nesting OFF on input line 4469.
Package hyperref Info: Hyper index ON on input line 4472.
Package hyperref Info: Plain pages OFF on input line 4479.
Package hyperref Info: Backreferencing OFF on input line 4484.
Package hyperref Info: Implicit mode ON; LaTeX internals redefined.
Package hyperref Info: Bookmarks ON on input line 4717.
\c@Hy@tempcnt=\count291

(c:/texlive/2020/texmf-dist/tex/latex/url/url.sty
\Urlmuskip=\muskip16
Package: url 2013/09/16  ver 3.4  Verb mode for urls, etc.
)
LaTeX Info: Redefining \url on input line 5076.
\XeTeXLinkMargin=\dimen180

(c:/texlive/2020/texmf-dist/tex/generic/bitset/bitset.sty
Package: bitset 2019/12/09 v1.3 Handle bit-vector datatype (HO)

(c:/texlive/2020/texmf-dist/tex/generic/bigintcalc/bigintcalc.sty
Package: bigintcalc 2019/12/15 v1.5 Expandable calculations on big integers (HO
)
))
\Fld@menulength=\count292
\Field@Width=\dimen181
\Fld@charsize=\dimen182
Package hyperref Info: Hyper figures OFF on input line 6347.
Package hyperref Info: Link nesting OFF on input line 6352.
Package hyperref Info: Hyper index ON on input line 6355.
Package hyperref Info: backreferencing OFF on input line 6362.
Package hyperref Info: Link coloring OFF on input line 6367.
Package hyperref Info: Link coloring with OCG OFF on input line 6372.
Package hyperref Info: PDF/A mode OFF on input line 6377.
LaTeX Info: Redefining \ref on input line 6417.
LaTeX Info: Redefining \pageref on input line 6421.

(c:/texlive/2020/texmf-dist/tex/latex/base/atbegshi-ltx.sty
Package: atbegshi-ltx 2020/08/17 v1.0a Emulation of the original atbegshi packa
ge
with kernel methods
)
\Hy@abspage=\count293
\c@Item=\count294
\c@Hfootnote=\count295
)
Package hyperref Info: Driver (autodetected): hpdftex.

(c:/texlive/2020/texmf-dist/tex/latex/hyperref/hpdftex.def
File: hpdftex.def 2020-05-15 v7.00e Hyperref driver for pdfTeX

(c:/texlive/2020/texmf-dist/tex/latex/base/atveryend-ltx.sty
Package: atveryend-ltx 2020/08/19 v1.0a Emulation of the original atvery packag
e
with kernel methods
)
\Fld@listcount=\count296
\c@bookmark@seq@number=\count297

(c:/texlive/2020/texmf-dist/tex/latex/rerunfilecheck/rerunfilecheck.sty
Package: rerunfilecheck 2019/12/05 v1.9 Rerun checks for auxiliary files (HO)

(c:/texlive/2020/texmf-dist/tex/generic/uniquecounter/uniquecounter.sty
Package: uniquecounter 2019/12/15 v1.4 Provide unlimited unique counter (HO)
)
Package uniquecounter Info: New unique counter `rerunfilecheck' on input line 2
86.
)
\Hy@SectionHShift=\skip54
)
(./projekt_raport.aux)
\openout1 = `projekt_raport.aux'.

LaTeX Font Info:    Checking defaults for OML/cmm/m/it on input line 30.
LaTeX Font Info:    ... okay on input line 30.
LaTeX Font Info:    Checking defaults for OMS/cmsy/m/n on input line 30.
LaTeX Font Info:    ... okay on input line 30.
LaTeX Font Info:    Checking defaults for OT1/cmr/m/n on input line 30.
LaTeX Font Info:    ... okay on input line 30.
LaTeX Font Info:    Checking defaults for T1/cmr/m/n on input line 30.
LaTeX Font Info:    ... okay on input line 30.
LaTeX Font Info:    Checking defaults for TS1/cmr/m/n on input line 30.
LaTeX Font Info:    ... okay on input line 30.
LaTeX Font Info:    Checking defaults for OMX/cmex/m/n on input line 30.
LaTeX Font Info:    ... okay on input line 30.
LaTeX Font Info:    Checking defaults for U/cmr/m/n on input line 30.
LaTeX Font Info:    ... okay on input line 30.
LaTeX Font Info:    Checking defaults for OT4/cmr/m/n on input line 30.
LaTeX Font Info:    ... okay on input line 30.
LaTeX Font Info:    Checking defaults for PD1/pdf/m/n on input line 30.
LaTeX Font Info:    ... okay on input line 30.

(c:/texlive/2020/texmf-dist/tex/context/base/mkii/supp-pdf.mkii
[Loading MPS to PDF converter (version 2006.09.02).]
\scratchcounter=\count298
\scratchdimen=\dimen183
\scratchbox=\box53
\nofMPsegments=\count299
\nofMParguments=\count300
\everyMPshowfont=\toks33
\MPscratchCnt=\count301
\MPscratchDim=\dimen184
\MPnumerator=\count302
\makeMPintoPDFobject=\count303
\everyMPtoPDFconversion=\toks34
) (c:/texlive/2020/texmf-dist/tex/latex/epstopdf-pkg/epstopdf-base.sty
Package: epstopdf-base 2020-01-24 v2.11 Base part for package epstopdf
Package epstopdf-base Info: Redefining graphics rule for `.eps' on input line 4
85.

(c:/texlive/2020/texmf-dist/tex/latex/latexconfig/epstopdf-sys.cfg
File: epstopdf-sys.cfg 2010/07/13 v1.3 Configuration of (r)epstopdf for TeX Liv
e
))
Package hyperref Info: Link coloring OFF on input line 30.

(c:/texlive/2020/texmf-dist/tex/latex/hyperref/nameref.sty
Package: nameref 2019/09/16 v2.46 Cross-referencing by name of section

(c:/texlive/2020/texmf-dist/tex/latex/refcount/refcount.sty
Package: refcount 2019/12/15 v3.6 Data extraction from label references (HO)
)
(c:/texlive/2020/texmf-dist/tex/generic/gettitlestring/gettitlestring.sty
Package: gettitlestring 2019/12/15 v1.6 Cleanup title references (HO)
)
\c@section@level=\count304
)
LaTeX Info: Redefining \ref on input line 30.
LaTeX Info: Redefining \pageref on input line 30.
LaTeX Info: Redefining \nameref on input line 30.

(./projekt_raport.out) (./projekt_raport.out)
\@outlinefile=\write3
\openout3 = `projekt_raport.out'.

<graphics/znak_pk.png, id=32, 150.5625pt x 151.3153pt>
File: graphics/znak_pk.png Graphic file (type png)
<use graphics/znak_pk.png>
Package pdftex.def Info: graphics/znak_pk.png  used on input line 32.
(pdftex.def)             Requested size: 39.99995pt x 39.99907pt.
LaTeX Font Info:    Trying to load font information for OT4+cmtt on input line 
32.

(c:/texlive/2020/texmf-dist/tex/latex/polski/ot4cmtt.fd
File: ot4cmtt.fd 2008/02/24 v1.2.1 Font defs for fonts PL (MW)
) [1
Non-PDF special ignored!
<special> header=pstricks.pro
Non-PDF special ignored!
<special> header=pst-algparser.pro
Non-PDF special ignored!
<special> header=pst-tools.pro
Non-PDF special ignored!
<special> header=pst-dots.pro
Non-PDF special ignored!
<special> papersize=597.50787pt,845.04684pt

Non-PDF special ignored!
<special> ps: /pssetRGBcolor /setrgbcolor load def /pssetCMYKcolor /setcmyk...
Non-PDF special ignored!
<special> ps:tx@Dict begin  gsave STV CP T /ps@rot 0 def grestore  end
Non-PDF special ignored!
<special> ps:tx@Dict begin  gsave STV CP T /ps@refangle 0.  def grestore  e...

{c:/texlive/2020/texmf-var/fonts/map/pdftex/updmap/pdftex.map} <./graphics/znak
_pk.png>] (./projekt_raport.toc
LaTeX Font Info:    Trying to load font information for OML+plm on input line 2
.

(c:/texlive/2020/texmf-dist/tex/latex/polski/omlplm.fd
File: omlplm.fd 2008/02/24 v1.2.1 Font defs for fonts PL (MW)
)
LaTeX Font Info:    Trying to load font information for OMS+plsy on input line 
2.

(c:/texlive/2020/texmf-dist/tex/latex/polski/omsplsy.fd
File: omsplsy.fd 2008/02/24 v1.2.1 Font defs for fonts PL (MW)
)
LaTeX Font Info:    Trying to load font information for OMX+plex on input line 
2.

(c:/texlive/2020/texmf-dist/tex/latex/polski/omxplex.fd
File: omxplex.fd 2008/02/24 v1.2.1 Font defs for fonts PL (MW)
)
LaTeX Font Info:    External font `plex10' loaded for size
(Font)              <10.95> on input line 2.
LaTeX Font Info:    External font `plex10' loaded for size
(Font)              <8> on input line 2.
LaTeX Font Info:    External font `plex10' loaded for size
(Font)              <6> on input line 2.
)
\tf@toc=\write4
\openout4 = `projekt_raport.toc'.

pdfTeX warning (ext4): destination with the same identifier (name{page.i}) has 
been already used, duplicate ignored
<to be read again> 
                   \relax 
l.44 \chapter
             {Wprowadzenie} [1


]
Rozdzia\PlPrIeC {\l } 1.
[1

] [2]
Rozdzia\PlPrIeC {\l } 2.

Overfull \hbox (30.91077pt too wide) in paragraph at lines 82--82
[]\OT4/cmtt/m/n/10.95 +----+-----------+-----------+-----------+------------+--
----------+[] 
 []


Overfull \hbox (30.91077pt too wide) in paragraph at lines 82--82
[]\OT4/cmtt/m/n/10.95 |    |         R |         F |         M |          T |  
        D |[] 
 []


Overfull \hbox (30.91077pt too wide) in paragraph at lines 82--82
[]\OT4/cmtt/m/n/10.95 |----+-----------+-----------+-----------+------------+--
----------|[] 
 []


Overfull \hbox (30.91077pt too wide) in paragraph at lines 82--82
[]\OT4/cmtt/m/n/10.95 | R  |  1        | -0.182745 | -0.182745 |  0.160618  | -
0.279869  |[] 
 []


Overfull \hbox (30.91077pt too wide) in paragraph at lines 82--82
[]\OT4/cmtt/m/n/10.95 | F  | -0.182745 |  1        |  1        |  0.63494   |  
0.218633  |[] 
 []


Overfull \hbox (30.91077pt too wide) in paragraph at lines 82--82
[]\OT4/cmtt/m/n/10.95 | M  | -0.182745 |  1        |  1        |  0.63494   |  
0.218633  |[] 
 []


Overfull \hbox (30.91077pt too wide) in paragraph at lines 82--82
[]\OT4/cmtt/m/n/10.95 | T  |  0.160618 |  0.63494  |  0.63494  |  1         | -
0.0358544 |[] 
 []


Overfull \hbox (30.91077pt too wide) in paragraph at lines 82--82
[]\OT4/cmtt/m/n/10.95 | D  | -0.279869 |  0.218633 |  0.218633 | -0.0358544 |  
1         |[] 
 []


Overfull \hbox (30.91077pt too wide) in paragraph at lines 82--82
[]\OT4/cmtt/m/n/10.95 +----+-----------+-----------+-----------+------------+--
----------+[] 
 []


Overfull \hbox (30.91077pt too wide) in paragraph at lines 82--82
[]\OT4/cmtt/m/n/10.95 +-------+-----------+-----------+----------+----------+--
----------+[] 
 []


Overfull \hbox (30.91077pt too wide) in paragraph at lines 82--82
[]\OT4/cmtt/m/n/10.95 |       |         R |         F |        M |        T |  
        D |[] 
 []


Overfull \hbox (30.91077pt too wide) in paragraph at lines 82--82
[]\OT4/cmtt/m/n/10.95 |-------+-----------+-----------+----------+----------+--
----------|[] 
 []

[3

]
Overfull \hbox (30.91077pt too wide) in paragraph at lines 82--82
[]\OT4/cmtt/m/n/10.95 | count | 748       | 748       |   748    | 748      | 7
48        |[] 
 []


Overfull \hbox (30.91077pt too wide) in paragraph at lines 82--82
[]\OT4/cmtt/m/n/10.95 | mean  |   9.50668 |   5.51471 |  1378.68 |  34.2821 |  
 0.237968 |[] 
 []


Overfull \hbox (30.91077pt too wide) in paragraph at lines 82--82
[]\OT4/cmtt/m/n/10.95 | std   |   8.0954  |   5.83931 |  1459.83 |  24.3767 |  
 0.426124 |[] 
 []


Overfull \hbox (30.91077pt too wide) in paragraph at lines 82--82
[]\OT4/cmtt/m/n/10.95 | min   |   0       |   1       |   250    |   2      |  
 0        |[] 
 []


Overfull \hbox (30.91077pt too wide) in paragraph at lines 82--82
[]\OT4/cmtt/m/n/10.95 | 25%   |   2.75    |   2       |   500    |  16      |  
 0        |[] 
 []


Overfull \hbox (30.91077pt too wide) in paragraph at lines 82--82
[]\OT4/cmtt/m/n/10.95 | 50%   |   7       |   4       |  1000    |  28      |  
 0        |[] 
 []


Overfull \hbox (30.91077pt too wide) in paragraph at lines 82--82
[]\OT4/cmtt/m/n/10.95 | 75%   |  14       |   7       |  1750    |  50      |  
 0        |[] 
 []


Overfull \hbox (30.91077pt too wide) in paragraph at lines 82--82
[]\OT4/cmtt/m/n/10.95 | max   |  74       |  50       | 12500    |  98      |  
 1        |[] 
 []


Overfull \hbox (30.91077pt too wide) in paragraph at lines 82--82
[]\OT4/cmtt/m/n/10.95 +-------+-----------+-----------+----------+----------+--
----------+[] 
 []

<graphics/correlation_1.png, id=73, 1254.6875pt x 1254.6875pt>
File: graphics/correlation_1.png Graphic file (type png)
<use graphics/correlation_1.png>
Package pdftex.def Info: graphics/correlation_1.png  used on input line 84.
(pdftex.def)             Requested size: 399.99576pt x 399.99576pt.

Overfull \hbox (56.99576pt too wide) in paragraph at lines 84--85
[][] 
 []


Underfull \hbox (badness 10000) in paragraph at lines 84--85

 []


Overfull \hbox (36.65945pt too wide) in paragraph at lines 110--110
[]\OT4/cmtt/m/n/10.95 +----+------------+-----------+-----------+------------+-
-----------+[] 
 []


Overfull \hbox (36.65945pt too wide) in paragraph at lines 110--110
[]\OT4/cmtt/m/n/10.95 |    |          R |         F |         M |          T | 
         D |[] 
 []

[4 <./graphics/correlation_1.png (PNG copy)>]
Overfull \hbox (36.65945pt too wide) in paragraph at lines 110--110
[]\OT4/cmtt/m/n/10.95 |----+------------+-----------+-----------+------------+-
-----------|[] 
 []


Overfull \hbox (36.65945pt too wide) in paragraph at lines 110--110
[]\OT4/cmtt/m/n/10.95 | R  |  1         | -0.218071 | -0.218071 |  0.0949278 | 
-0.348375  |[] 
 []


Overfull \hbox (36.65945pt too wide) in paragraph at lines 110--110
[]\OT4/cmtt/m/n/10.95 | F  | -0.218071  |  1        |  1        |  0.685435  | 
 0.216987  |[] 
 []


Overfull \hbox (36.65945pt too wide) in paragraph at lines 110--110
[]\OT4/cmtt/m/n/10.95 | M  | -0.218071  |  1        |  1        |  0.685435  | 
 0.216987  |[] 
 []


Overfull \hbox (36.65945pt too wide) in paragraph at lines 110--110
[]\OT4/cmtt/m/n/10.95 | T  |  0.0949278 |  0.685435 |  0.685435 |  1         | 
-0.0152334 |[] 
 []


Overfull \hbox (36.65945pt too wide) in paragraph at lines 110--110
[]\OT4/cmtt/m/n/10.95 | D  | -0.348375  |  0.216987 |  0.216987 | -0.0152334 | 
 1         |[] 
 []


Overfull \hbox (36.65945pt too wide) in paragraph at lines 110--110
[]\OT4/cmtt/m/n/10.95 +----+------------+-----------+-----------+------------+-
-----------+[] 
 []


Overfull \hbox (30.91077pt too wide) in paragraph at lines 110--110
[]\OT4/cmtt/m/n/10.95 +-------+-----------+-----------+----------+----------+--
----------+[] 
 []


Overfull \hbox (30.91077pt too wide) in paragraph at lines 110--110
[]\OT4/cmtt/m/n/10.95 |       |         R |         F |        M |        T |  
        D |[] 
 []


Overfull \hbox (30.91077pt too wide) in paragraph at lines 110--110
[]\OT4/cmtt/m/n/10.95 |-------+-----------+-----------+----------+----------+--
----------|[] 
 []


Overfull \hbox (30.91077pt too wide) in paragraph at lines 110--110
[]\OT4/cmtt/m/n/10.95 | count | 356       | 356       |   356    | 356      | 3
56        |[] 
 []


Overfull \hbox (30.91077pt too wide) in paragraph at lines 110--110
[]\OT4/cmtt/m/n/10.95 | mean  |   7.95787 |   6.34551 |  1586.38 |  33.0815 |  
 0.5      |[] 
 []


Overfull \hbox (30.91077pt too wide) in paragraph at lines 110--110
[]\OT4/cmtt/m/n/10.95 | std   |   7.19436 |   6.70222 |  1675.55 |  23.8207 |  
 0.500704 |[] 
 []


Overfull \hbox (30.91077pt too wide) in paragraph at lines 110--110
[]\OT4/cmtt/m/n/10.95 | min   |   0       |   1       |   250    |   2      |  
 0        |[] 
 []


Overfull \hbox (30.91077pt too wide) in paragraph at lines 110--110
[]\OT4/cmtt/m/n/10.95 | 25%   |   2       |   2       |   500    |  16      |  
 0        |[] 
 []


Overfull \hbox (30.91077pt too wide) in paragraph at lines 110--110
[]\OT4/cmtt/m/n/10.95 | 50%   |   4       |   5       |  1250    |  28      |  
 0.5      |[] 
 []


Overfull \hbox (30.91077pt too wide) in paragraph at lines 110--110
[]\OT4/cmtt/m/n/10.95 | 75%   |  13.25    |   8       |  2000    |  46      |  
 1        |[] 
 []


Overfull \hbox (30.91077pt too wide) in paragraph at lines 110--110
[]\OT4/cmtt/m/n/10.95 | max   |  40       |  50       | 12500    |  98      |  
 1        |[] 
 []


Overfull \hbox (30.91077pt too wide) in paragraph at lines 110--110
[]\OT4/cmtt/m/n/10.95 +-------+-----------+-----------+----------+----------+--
----------+[] 
 []

<graphics/correlation_2.png, id=78, 1254.6875pt x 1254.6875pt>
File: graphics/correlation_2.png Graphic file (type png)
<use graphics/correlation_2.png>
Package pdftex.def Info: graphics/correlation_2.png  used on input line 112.
(pdftex.def)             Requested size: 399.99576pt x 399.99576pt.

Overfull \hbox (56.99576pt too wide) in paragraph at lines 112--113
[][] 
 []


Underfull \hbox (badness 10000) in paragraph at lines 112--113

 []

[5] [6 <./graphics/correlation_2.png (PNG copy)>]
Rozdzia\PlPrIeC {\l } 3.
[7

]
Dodatek A.
[8

] (./projekt_raport.aux)
Package rerunfilecheck Info: File `projekt_raport.out' has not changed.
(rerunfilecheck)             Checksum: EF8511F1408565A8FC3DECBA53E318B2;384.
 ) 
Here is how much of TeX's memory you used:
 13144 strings out of 479382
 228156 string characters out of 5873307
 795423 words of memory out of 5000000
 30000 multiletter control sequences out of 15000+600000
 414359 words of font info for 53 fonts, out of 8000000 for 9000
 1141 hyphenation exceptions out of 8191
 66i,5n,73p,414b,450s stack positions out of 5000i,500n,10000p,200000b,80000s
{c:/texlive/2020/texmf-dist/fonts/enc/dvips/pl/pltt.enc}{c:/texlive/2020/texm
f-dist/fonts/enc/dvips/pl/plrm.enc}<c:/texlive/2020/texmf-dist/fonts/type1/publ
ic/pl/plbx10.pfb><c:/texlive/2020/texmf-dist/fonts/type1/public/pl/plbx12.pfb><
c:/texlive/2020/texmf-dist/fonts/type1/public/pl/plr10.pfb><c:/texlive/2020/tex
mf-dist/fonts/type1/public/pl/plr12.pfb><c:/texlive/2020/texmf-dist/fonts/type1
/public/pl/plsl10.pfb><c:/texlive/2020/texmf-dist/fonts/type1/public/pl/pltcsc1
0.pfb><c:/texlive/2020/texmf-dist/fonts/type1/public/pl/pltt10.pfb><c:/texlive/
2020/texmf-dist/fonts/type1/public/pl/pltt12.pfb>
Output written on projekt_raport.pdf (10 pages, 376723 bytes).
PDF statistics:
 132 PDF objects out of 1000 (max. 8388607)
 106 compressed objects within 2 object streams
 18 named destinations out of 1000 (max. 500000)
 72 words of extra memory for PDF output out of 10000 (max. 10000000)

